<?xml version="1.0" encoding="UTF-8"?>
<!-- Generated by org.testng.reporters.JUnitReportReporter -->
<testsuite hostname="LAPTOP-Amit" failures="0" tests="2" name="com.automation.testcases.AddCustomerTest" time="0.834" errors="0" timestamp="2021-07-26T22:56:57 IST" skipped="0">
  <testcase classname="com.automation.testcases.AddCustomerTest" name="addCustomer" time="0.499"/>
  <system-out/>
  <testcase classname="com.automation.testcases.AddCustomerTest" name="addCustomer" time="0.335"/>
  <system-out/>
</testsuite> <!-- com.automation.testcases.AddCustomerTest -->
