<?xml version="1.0" encoding="UTF-8"?>
<!-- Generated by org.testng.reporters.JUnitReportReporter -->
<testsuite hostname="LAPTOP-Amit" failures="0" tests="1" name="com.automation.testcases.Logintest" time="3.158" errors="0" timestamp="2021-07-26T22:56:57 IST" skipped="0">
  <testcase classname="com.automation.testcases.Logintest" name="loginAsBankMngr" time="3.158"/>
  <system-out>
    <![CDATA[login successful
<a href="C:\Users\amitn\Downloads\Sample.jpg">Screenshot</a>]]>
  </system-out>
</testsuite> <!-- com.automation.testcases.Logintest -->
